PLINK v1.90b6.26 64-bit (2 Apr 2022)
Options in effect:
  --bfile sheep_data
  --geno 0.1
  --hwe 0.0001
  --maf 0.05
  --make-bed
  --not-chr 23 24 25 26
  --out sheep_data_QC

Hostname: DESKTOP-L9A6F6A
Working directory: C:\Users\Lenovo\Desktop\github_repo_roh
Start time: Sun Jan 21 14:17:19 2024

Random number seed: 1705843039
16167 MB RAM detected; reserving 8083 MB for main workspace.
43457 out of 46819 variants loaded from .bim file.
58 people (0 males, 0 females, 58 ambiguous) loaded from .fam.
Ambiguous sex IDs written to sheep_data_QC.nosex .
Using 1 thread (no multithreaded calculations invoked).
Before main variant filters, 58 founders and 0 nonfounders present.
Calculating allele frequencies... done.
Total genotyping rate is 0.999599.
8 variants removed due to missing genotype data (--geno).
--hwe: 169 variants removed due to Hardy-Weinberg exact test.
2543 variants removed due to minor allele threshold(s)
(--maf/--max-maf/--mac/--max-mac).
40737 variants and 58 people pass filters and QC.
Note: No phenotypes present.
--make-bed to sheep_data_QC.bed + sheep_data_QC.bim + sheep_data_QC.fam ...
done.

End time: Sun Jan 21 14:17:19 2024
