PLINK v1.90b6.26 64-bit (2 Apr 2022)
Options in effect:
  --bfile sheep_data_QC
  --homozyg-density 55
  --homozyg-gap 100
  --homozyg-kb 500
  --homozyg-snp 29
  --homozyg-window-het 1
  --homozyg-window-missing 2
  --homozyg-window-snp 50
  --out homozyg_filter

Hostname: DESKTOP-L9A6F6A
Working directory: C:\Users\Lenovo\Desktop\github_repo_roh
Start time: Sun Jan 21 14:52:27 2024

Random number seed: 1705845147
16167 MB RAM detected; reserving 8083 MB for main workspace.
40737 variants loaded from .bim file.
58 people (0 males, 0 females, 58 ambiguous) loaded from .fam.
Ambiguous sex IDs written to homozyg_filter.nosex .
Using 1 thread (no multithreaded calculations invoked).
Before main variant filters, 58 founders and 0 nonfounders present.
Calculating allele frequencies... done.
Total genotyping rate is 0.999606.
40737 variants and 58 people pass filters and QC.
Note: No phenotypes present.
--homozyg: Scan complete, found 650 ROH.
Results saved to homozyg_filter.hom + homozyg_filter.hom.indiv +
homozyg_filter.hom.summary .

End time: Sun Jan 21 14:52:27 2024
