PLINK v1.90b6.26 64-bit (2 Apr 2022)
Options in effect:
  --bfile data_pruned
  --homozyg-density 14
  --homozyg-gap 100
  --homozyg-kb 500
  --homozyg-snp 38
  --homozyg-window-het 1
  --homozyg-window-missing 2
  --homozyg-window-snp 50
  --out homozyg-filter

Hostname: DESKTOP-L9A6F6A
Working directory: C:\Users\Lenovo\Desktop\tuto_for_github
Start time: Mon Mar 27 16:59:53 2023

Random number seed: 1679932793
16167 MB RAM detected; reserving 8083 MB for main workspace.
192829 variants loaded from .bim file.
1092 people (525 males, 567 females) loaded from .fam.
Using 1 thread (no multithreaded calculations invoked).
Before main variant filters, 1083 founders and 9 nonfounders present.
Calculating allele frequencies... done.
Total genotyping rate is exactly 1.
192829 variants and 1092 people pass filters and QC.
Note: No phenotypes present.
--homozyg: Scan complete, found 7621 ROH.
Results saved to homozyg-filter.hom + homozyg-filter.hom.indiv +
homozyg-filter.hom.summary .

End time: Mon Mar 27 16:59:54 2023
