PLINK v1.90b6.26 64-bit (2 Apr 2022)
Options in effect:
  --bfile sheep_data_QC
  --hardy
  --out hardy_filter

Hostname: DESKTOP-L9A6F6A
Working directory: C:\Users\Lenovo\Desktop\github_repo_roh
Start time: Sun Jan 21 14:41:01 2024

Random number seed: 1705844461
16167 MB RAM detected; reserving 8083 MB for main workspace.
40737 variants loaded from .bim file.
58 people (0 males, 0 females, 58 ambiguous) loaded from .fam.
Ambiguous sex IDs written to hardy_filter.nosex .
Using 1 thread (no multithreaded calculations invoked).
Before main variant filters, 58 founders and 0 nonfounders present.
Calculating allele frequencies... done.
Total genotyping rate is 0.999606.
--hardy: Writing Hardy-Weinberg report (founders only) to hardy_filter.hwe ...
done.

End time: Sun Jan 21 14:41:02 2024
